<?xml version="1.0" encoding="UTF-8"?>
<testng-results ignored="0" total="1" passed="1" failed="0" skipped="0">
  <reporter-output>
  </reporter-output>
  <suite started-at="2024-09-15T23:41:45 BDT" name="Suite" finished-at="2024-09-15T23:43:36 BDT" duration-ms="110227">
    <groups>
    </groups>
    <test started-at="2024-09-15T23:41:45 BDT" name="Test" finished-at="2024-09-15T23:43:36 BDT" duration-ms="110227">
      <class name="tests.TC000_SubmitOrderHoverTest">
        <test-method is-config="true" signature="setDriver()[pri:0, instance:tests.TC000_SubmitOrderHoverTest@4eb386df]" started-at="2024-09-15T23:41:42 BDT" name="setDriver" finished-at="2024-09-15T23:41:45 BDT" duration-ms="3518" status="PASS">
          <reporter-output>
          </reporter-output>
        </test-method> <!-- setDriver -->
        <test-method is-config="true" signature="startURL()[pri:0, instance:tests.TC000_SubmitOrderHoverTest@4eb386df]" started-at="2024-09-15T23:41:45 BDT" name="startURL" finished-at="2024-09-15T23:41:56 BDT" duration-ms="10944" status="PASS">
          <reporter-output>
          </reporter-output>
        </test-method> <!-- startURL -->
        <test-method signature="submitOrderHover()[pri:0, instance:tests.TC000_SubmitOrderHoverTest@4eb386df]" started-at="2024-09-15T23:41:56 BDT" name="submitOrderHover" finished-at="2024-09-15T23:43:34 BDT" duration-ms="98017" status="PASS">
          <reporter-output>
          </reporter-output>
        </test-method> <!-- submitOrderHover -->
        <test-method is-config="true" signature="tearDown()[pri:0, instance:tests.TC000_SubmitOrderHoverTest@4eb386df]" started-at="2024-09-15T23:43:36 BDT" name="tearDown" finished-at="2024-09-15T23:43:37 BDT" duration-ms="561" status="PASS">
          <reporter-output>
          </reporter-output>
        </test-method> <!-- tearDown -->
      </class> <!-- tests.TC000_SubmitOrderHoverTest -->
    </test> <!-- Test -->
  </suite> <!-- Suite -->
</testng-results>
